2019-12-15 22:40:28 ERROR JDBCService:27 - Connection to jdbc:microsoft:sqlserver://localhost:1433;DatabaseName=WT_Periodicals failed java.lang.ClassNotFoundException: com.microsoft.jdbc.sqlserver.SQLServerDriver
2019-12-15 22:40:28 ERROR Test:47 - Uvazhemyi, oshibkacom.microsoft.jdbc.sqlserver.SQLServerDriver
2019-12-15 22:40:44 ERROR JDBCService:27 - Connection to jdbc:microsoft:sqlserver://localhost;DatabaseName=WT_Periodicals failed java.lang.ClassNotFoundException: com.microsoft.jdbc.sqlserver.SQLServerDriver
2019-12-15 22:40:44 ERROR Test:47 - Uvazhemyi, oshibkacom.microsoft.jdbc.sqlserver.SQLServerDriver
2019-12-15 22:53:03 ERROR JDBCService:27 - Connection to jdbc:microsoft:sqlserver://localhost;DatabaseName=WT_Periodicals failed java.sql.SQLException: No suitable driver found for jdbc:microsoft:sqlserver://localhost;DatabaseName=WT_Periodicals
2019-12-15 22:53:04 ERROR Test:47 - Uvazhemyi, oshibkaNo suitable driver found for jdbc:microsoft:sqlserver://localhost;DatabaseName=WT_Periodicals
2019-12-15 22:53:42 ERROR JDBCService:27 - Connection to jdbc:microsoft:sqlserver://localhost;DatabaseName=WT_Periodicals failed java.sql.SQLException: No suitable driver found for jdbc:microsoft:sqlserver://localhost;DatabaseName=WT_Periodicals
2019-12-15 22:53:42 ERROR Test:47 - Uvazhemyi, oshibkaNo suitable driver found for jdbc:microsoft:sqlserver://localhost;DatabaseName=WT_Periodicals
2019-12-15 22:56:38 ERROR JDBCService:27 - Connection to jdbc:sqlserver://localhost : 1433;DatabaseName=WT_Periodicals failed com.microsoft.sqlserver.jdbc.SQLServerException: The TCP/IP connection to the host localhost, port 1433 has failed. Error: "connect timed out. Verify the connection properties. Make sure that an instance of SQL Server is running on the host and accepting TCP/IP connections at the port. Make sure that TCP connections to the port are not blocked by a firewall.".
2019-12-15 22:56:38 ERROR Test:47 - Uvazhemyi, oshibkaThe TCP/IP connection to the host localhost, port 1433 has failed. Error: "connect timed out. Verify the connection properties. Make sure that an instance of SQL Server is running on the host and accepting TCP/IP connections at the port. Make sure that TCP connections to the port are not blocked by a firewall.".
2019-12-15 22:58:08 ERROR JDBCService:27 - Connection to jdbc:sqlserver://localhost;DatabaseName=WT_Periodicals failed com.microsoft.sqlserver.jdbc.SQLServerException: The TCP/IP connection to the host localhost, port 1433 has failed. Error: "connect timed out. Verify the connection properties. Make sure that an instance of SQL Server is running on the host and accepting TCP/IP connections at the port. Make sure that TCP connections to the port are not blocked by a firewall.".
2019-12-15 22:58:08 ERROR Test:47 - Uvazhemyi, oshibkaThe TCP/IP connection to the host localhost, port 1433 has failed. Error: "connect timed out. Verify the connection properties. Make sure that an instance of SQL Server is running on the host and accepting TCP/IP connections at the port. Make sure that TCP connections to the port are not blocked by a firewall.".
2019-12-15 23:07:17 ERROR JDBCService:27 - Connection to jdbc:sqlserver://localhost;DatabaseName=WT_Periodicals failed com.microsoft.sqlserver.jdbc.SQLServerException: The TCP/IP connection to the host localhost, port 1433 has failed. Error: "connect timed out. Verify the connection properties. Make sure that an instance of SQL Server is running on the host and accepting TCP/IP connections at the port. Make sure that TCP connections to the port are not blocked by a firewall.".
2019-12-15 23:07:17 ERROR Test:47 - Uvazhemyi, oshibkaThe TCP/IP connection to the host localhost, port 1433 has failed. Error: "connect timed out. Verify the connection properties. Make sure that an instance of SQL Server is running on the host and accepting TCP/IP connections at the port. Make sure that TCP connections to the port are not blocked by a firewall.".
2019-12-15 23:08:59 ERROR JDBCService:27 - Connection to jdbc:sqlserver://localhost;DatabaseName=WT_Periodicals failed com.microsoft.sqlserver.jdbc.SQLServerException: The TCP/IP connection to the host localhost, port 1433 has failed. Error: "connect timed out. Verify the connection properties. Make sure that an instance of SQL Server is running on the host and accepting TCP/IP connections at the port. Make sure that TCP connections to the port are not blocked by a firewall.".
2019-12-15 23:08:59 ERROR Test:47 - Uvazhemyi, oshibkaThe TCP/IP connection to the host localhost, port 1433 has failed. Error: "connect timed out. Verify the connection properties. Make sure that an instance of SQL Server is running on the host and accepting TCP/IP connections at the port. Make sure that TCP connections to the port are not blocked by a firewall.".
2019-12-15 23:13:47 ERROR JDBCService:27 - Connection to jdbc:sqlserver://localhost;DatabaseName=WT_Periodicals failed com.microsoft.sqlserver.jdbc.SQLServerException: The TCP/IP connection to the host localhost, port 1433 has failed. Error: "connect timed out. Verify the connection properties. Make sure that an instance of SQL Server is running on the host and accepting TCP/IP connections at the port. Make sure that TCP connections to the port are not blocked by a firewall.".
2019-12-15 23:13:47 ERROR Test:47 - Uvazhemyi, oshibkaThe TCP/IP connection to the host localhost, port 1433 has failed. Error: "connect timed out. Verify the connection properties. Make sure that an instance of SQL Server is running on the host and accepting TCP/IP connections at the port. Make sure that TCP connections to the port are not blocked by a firewall.".
2019-12-15 23:16:12 ERROR JDBCService:27 - Connection to jdbc:sqlserver://localhost;DatabaseName=WT_Periodicals failed com.microsoft.sqlserver.jdbc.SQLServerException: The TCP/IP connection to the host localhost, port 1433 has failed. Error: "connect timed out. Verify the connection properties. Make sure that an instance of SQL Server is running on the host and accepting TCP/IP connections at the port. Make sure that TCP connections to the port are not blocked by a firewall.".
2019-12-15 23:16:12 ERROR Test:47 - Uvazhemyi, oshibkaThe TCP/IP connection to the host localhost, port 1433 has failed. Error: "connect timed out. Verify the connection properties. Make sure that an instance of SQL Server is running on the host and accepting TCP/IP connections at the port. Make sure that TCP connections to the port are not blocked by a firewall.".
2019-12-15 23:16:45 ERROR JDBCService:27 - Connection to jdbc:sqlserver://localhost;DatabaseName=WT_Periodicals failed com.microsoft.sqlserver.jdbc.SQLServerException: The TCP/IP connection to the host localhost, port 1433 has failed. Error: "connect timed out. Verify the connection properties. Make sure that an instance of SQL Server is running on the host and accepting TCP/IP connections at the port. Make sure that TCP connections to the port are not blocked by a firewall.".
2019-12-15 23:16:45 ERROR Test:47 - Uvazhemyi, oshibkaThe TCP/IP connection to the host localhost, port 1433 has failed. Error: "connect timed out. Verify the connection properties. Make sure that an instance of SQL Server is running on the host and accepting TCP/IP connections at the port. Make sure that TCP connections to the port are not blocked by a firewall.".
2019-12-15 23:31:19 ERROR JDBCService:27 - Connection to jdbc:sqlserver://localhost : 1433;DatabaseName=WT_Periodicals failed com.microsoft.sqlserver.jdbc.SQLServerException: The TCP/IP connection to the host localhost, port 1433 has failed. Error: "connect timed out. Verify the connection properties. Make sure that an instance of SQL Server is running on the host and accepting TCP/IP connections at the port. Make sure that TCP connections to the port are not blocked by a firewall.".
2019-12-15 23:31:19 ERROR Test:47 - Uvazhemyi, oshibkaThe TCP/IP connection to the host localhost, port 1433 has failed. Error: "connect timed out. Verify the connection properties. Make sure that an instance of SQL Server is running on the host and accepting TCP/IP connections at the port. Make sure that TCP connections to the port are not blocked by a firewall.".
2019-12-15 23:31:50 ERROR JDBCService:27 - Connection to jdbc:sqlserver://localhost : 1433;DatabaseName=WT_Periodicals failed com.microsoft.sqlserver.jdbc.SQLServerException: The TCP/IP connection to the host localhost, port 1433 has failed. Error: "connect timed out. Verify the connection properties. Make sure that an instance of SQL Server is running on the host and accepting TCP/IP connections at the port. Make sure that TCP connections to the port are not blocked by a firewall.".
2019-12-15 23:31:50 ERROR Test:47 - Uvazhemyi, oshibkaThe TCP/IP connection to the host localhost, port 1433 has failed. Error: "connect timed out. Verify the connection properties. Make sure that an instance of SQL Server is running on the host and accepting TCP/IP connections at the port. Make sure that TCP connections to the port are not blocked by a firewall.".
2019-12-15 23:58:35 ERROR JDBCService:27 - Connection to jdbc:sqlserver://localhost : 1433;DatabaseName=WT_Periodicals failed com.microsoft.sqlserver.jdbc.SQLServerException: The TCP/IP connection to the host localhost, port 1433 has failed. Error: "connect timed out. Verify the connection properties. Make sure that an instance of SQL Server is running on the host and accepting TCP/IP connections at the port. Make sure that TCP connections to the port are not blocked by a firewall.".
2019-12-15 23:58:35 ERROR Test:47 - Uvazhemyi, oshibkaThe TCP/IP connection to the host localhost, port 1433 has failed. Error: "connect timed out. Verify the connection properties. Make sure that an instance of SQL Server is running on the host and accepting TCP/IP connections at the port. Make sure that TCP connections to the port are not blocked by a firewall.".
2019-12-15 23:59:15 ERROR JDBCService:27 - Connection to jdbc:sqlserver://localhost : 1433;DatabaseName=WT_Periodicals failed com.microsoft.sqlserver.jdbc.SQLServerException: The TCP/IP connection to the host localhost, port 1433 has failed. Error: "connect timed out. Verify the connection properties. Make sure that an instance of SQL Server is running on the host and accepting TCP/IP connections at the port. Make sure that TCP connections to the port are not blocked by a firewall.".
2019-12-15 23:59:15 ERROR Test:47 - Uvazhemyi, oshibkaThe TCP/IP connection to the host localhost, port 1433 has failed. Error: "connect timed out. Verify the connection properties. Make sure that an instance of SQL Server is running on the host and accepting TCP/IP connections at the port. Make sure that TCP connections to the port are not blocked by a firewall.".
2019-12-15 23:59:46 ERROR JDBCService:27 - Connection to jdbc:sqlserver://localhost : 1433;DatabaseName=WT_Periodicals failed com.microsoft.sqlserver.jdbc.SQLServerException: The TCP/IP connection to the host localhost, port 1433 has failed. Error: "connect timed out. Verify the connection properties. Make sure that an instance of SQL Server is running on the host and accepting TCP/IP connections at the port. Make sure that TCP connections to the port are not blocked by a firewall.".
2019-12-15 23:59:46 ERROR Test:47 - Uvazhemyi, oshibkaThe TCP/IP connection to the host localhost, port 1433 has failed. Error: "connect timed out. Verify the connection properties. Make sure that an instance of SQL Server is running on the host and accepting TCP/IP connections at the port. Make sure that TCP connections to the port are not blocked by a firewall.".
2019-12-16 00:17:29 ERROR JDBCService:27 - Connection to jdbc:sqlserver://localhost;DatabaseName=Periodicals failed com.microsoft.sqlserver.jdbc.SQLServerException: The TCP/IP connection to the host localhost, port 1433 has failed. Error: "connect timed out. Verify the connection properties. Make sure that an instance of SQL Server is running on the host and accepting TCP/IP connections at the port. Make sure that TCP connections to the port are not blocked by a firewall.".
2019-12-16 00:17:29 ERROR Test:47 - Uvazhemyi, oshibkaThe TCP/IP connection to the host localhost, port 1433 has failed. Error: "connect timed out. Verify the connection properties. Make sure that an instance of SQL Server is running on the host and accepting TCP/IP connections at the port. Make sure that TCP connections to the port are not blocked by a firewall.".
2019-12-16 00:24:06 ERROR JDBCService:27 - Connection to jdbc:sqlserver://localhost;DatabaseName=Periodicals failed com.microsoft.sqlserver.jdbc.SQLServerException: The TCP/IP connection to the host localhost, port 1433 has failed. Error: "connect timed out. Verify the connection properties. Make sure that an instance of SQL Server is running on the host and accepting TCP/IP connections at the port. Make sure that TCP connections to the port are not blocked by a firewall.".
2019-12-16 00:24:06 ERROR Test:47 - Uvazhemyi, oshibkaThe TCP/IP connection to the host localhost, port 1433 has failed. Error: "connect timed out. Verify the connection properties. Make sure that an instance of SQL Server is running on the host and accepting TCP/IP connections at the port. Make sure that TCP connections to the port are not blocked by a firewall.".
2019-12-16 00:26:59 ERROR JDBCService:27 - Connection to jdbc:sqlserver://localhost;DatabaseName=Periodicals failed com.microsoft.sqlserver.jdbc.SQLServerException: The TCP/IP connection to the host localhost, port 1433 has failed. Error: "connect timed out. Verify the connection properties. Make sure that an instance of SQL Server is running on the host and accepting TCP/IP connections at the port. Make sure that TCP connections to the port are not blocked by a firewall.".
2019-12-16 00:26:59 ERROR Test:47 - Uvazhemyi, oshibkaThe TCP/IP connection to the host localhost, port 1433 has failed. Error: "connect timed out. Verify the connection properties. Make sure that an instance of SQL Server is running on the host and accepting TCP/IP connections at the port. Make sure that TCP connections to the port are not blocked by a firewall.".
2019-12-16 01:03:57 ERROR Test:50 - Unrecognized field "authorId" (class by.dziamidka.entity.book.Book), not marked as ignorable (6 known properties: "authorID", "publisherId", "title", "id", "genreId", "yearOfPublication"])
 at [Source: (StringReader); line: 1, column: 418] (through reference chain: by.dziamidka.entity.Periodicals["Books"]->java.util.ArrayList[0]->by.dziamidka.entity.book.Book["authorId"])
2019-12-16 01:04:42 ERROR Test:50 - Unrecognized field "authorId" (class by.dziamidka.entity.book.Book), not marked as ignorable (6 known properties: "authorID", "publisherId", "title", "id", "genreId", "yearOfPublication"])
 at [Source: (StringReader); line: 1, column: 418] (through reference chain: by.dziamidka.entity.Periodicals["Books"]->java.util.ArrayList[0]->by.dziamidka.entity.book.Book["authorId"])
2019-12-16 01:06:13 ERROR Test:50 - Unrecognized field "authorId" (class by.dziamidka.entity.book.Book), not marked as ignorable (6 known properties: "authorID", "publisherId", "title", "id", "genreId", "yearOfPublication"])
 at [Source: (StringReader); line: 1, column: 418] (through reference chain: by.dziamidka.entity.Periodicals["Books"]->java.util.ArrayList[0]->by.dziamidka.entity.book.Book["authorId"])
2019-12-16 01:06:17 ERROR Test:50 - Unrecognized field "authorId" (class by.dziamidka.entity.book.Book), not marked as ignorable (6 known properties: "authorID", "publisherId", "title", "id", "genreId", "yearOfPublication"])
 at [Source: (StringReader); line: 1, column: 418] (through reference chain: by.dziamidka.entity.Periodicals["Books"]->java.util.ArrayList[0]->by.dziamidka.entity.book.Book["authorId"])
2019-12-16 01:07:17 ERROR Test:50 - Unrecognized field "authorId" (class by.dziamidka.entity.book.Book), not marked as ignorable (6 known properties: "authorID", "publisherId", "title", "id", "genreId", "yearOfPublication"])
 at [Source: (StringReader); line: 1, column: 418] (through reference chain: by.dziamidka.entity.Periodicals["Books"]->java.util.ArrayList[0]->by.dziamidka.entity.book.Book["authorId"])
2019-12-16 01:08:45 ERROR Test:50 - Unrecognized field "authorId" (class by.dziamidka.entity.book.Book), not marked as ignorable (6 known properties: "authorID", "publisherId", "title", "id", "genreId", "yearOfPublication"])
 at [Source: (StringReader); line: 1, column: 418] (through reference chain: by.dziamidka.entity.Periodicals["Books"]->java.util.ArrayList[0]->by.dziamidka.entity.book.Book["authorId"])
2019-12-16 01:13:52 ERROR Test:50 - Unrecognized field "authorId" (class by.dziamidka.entity.book.Book), not marked as ignorable (6 known properties: "authorID", "publisherId", "title", "id", "genreId", "yearOfPublication"])
 at [Source: (StringReader); line: 1, column: 418] (through reference chain: by.dziamidka.entity.Periodicals["Books"]->java.util.ArrayList[0]->by.dziamidka.entity.book.Book["authorId"])
2019-12-16 01:23:58 ERROR Test:50 - Unrecognized field "authorId" (class by.dziamidka.entity.book.Book), not marked as ignorable (5 known properties: "title", "id", "genreId", "publisherId", "yearOfPublication"])
 at [Source: (StringReader); line: 1, column: 418] (through reference chain: by.dziamidka.entity.Periodicals["Books"]->java.util.ArrayList[0]->by.dziamidka.entity.book.Book["authorId"])
2019-12-16 01:24:48 ERROR Test:50 - Cannot construct instance of `by.dziamidka.entity.author.Author` (no Creators, like default construct, exist): cannot deserialize from Object value (no delegate- or property-based Creator)
 at [Source: (StringReader); line: 1, column: 1072] (through reference chain: by.dziamidka.entity.Periodicals["Authors"]->java.util.ArrayList[0])
2019-12-16 01:26:07 ERROR Test:50 - Cannot deserialize instance of `by.dziamidka.entity.genre.Genre` out of START_OBJECT token
 at [Source: (StringReader); line: 1, column: 1321] (through reference chain: by.dziamidka.entity.Periodicals["Genres"]->java.util.ArrayList[0])
2019-12-16 01:32:11 ERROR Test:50 - Unrecognized field "BooksInLibrary" (class by.dziamidka.entity.Periodicals), not marked as ignorable (6 known properties: "Genres", "Publishers", "Authors", "Libraries", "Books", "booksInLibrary"])
 at [Source: (StringReader); line: 1, column: 2175] (through reference chain: by.dziamidka.entity.Periodicals["BooksInLibrary"])
2019-12-16 02:19:52 ERROR LibraryMigration:72 - com.microsoft.sqlserver.jdbc.SQLServerException: Invalid object name 'Library'.
2019-12-16 02:19:52 ERROR LibraryMigration:72 - com.microsoft.sqlserver.jdbc.SQLServerException: Invalid object name 'Library'.
2019-12-16 02:21:26 ERROR LibraryMigration:72 - com.microsoft.sqlserver.jdbc.SQLServerException: The requested operation is not supported on forward only result sets.
2019-12-16 02:21:26 ERROR LibraryMigration:72 - com.microsoft.sqlserver.jdbc.SQLServerException: The requested operation is not supported on forward only result sets.
2019-12-16 02:27:40 ERROR LibraryMigration:72 - com.microsoft.sqlserver.jdbc.SQLServerException: The requested operation is not supported on forward only result sets.
2019-12-16 02:33:02 ERROR LibraryMigration:72 - com.microsoft.sqlserver.jdbc.SQLServerException: The requested operation is not supported on forward only result sets.
2019-12-16 02:33:02 ERROR LibraryMigration:72 - com.microsoft.sqlserver.jdbc.SQLServerException: The requested operation is not supported on forward only result sets.
2019-12-16 02:33:43 ERROR LibraryMigration:73 - com.microsoft.sqlserver.jdbc.SQLServerException: The requested operation is not supported on forward only result sets.
2019-12-16 02:33:43 ERROR LibraryMigration:73 - com.microsoft.sqlserver.jdbc.SQLServerException: The requested operation is not supported on forward only result sets.
2019-12-16 02:34:28 ERROR LibraryMigration:73 - com.microsoft.sqlserver.jdbc.SQLServerException: The requested operation is not supported on forward only result sets.
2019-12-16 02:34:28 ERROR LibraryMigration:73 - com.microsoft.sqlserver.jdbc.SQLServerException: The requested operation is not supported on forward only result sets.
2019-12-16 02:35:10 ERROR LibraryMigration:73 - com.microsoft.sqlserver.jdbc.SQLServerException: The requested operation is not supported on forward only result sets.
2019-12-16 02:40:20 ERROR LibraryMigration:74 - com.microsoft.sqlserver.jdbc.SQLServerException: The requested operation is not supported on forward only result sets.
2019-12-16 02:40:20 ERROR LibraryMigration:74 - com.microsoft.sqlserver.jdbc.SQLServerException: The requested operation is not supported on forward only result sets.
2019-12-16 02:41:04 ERROR LibraryMigration:74 - com.microsoft.sqlserver.jdbc.SQLServerException: The requested operation is not supported on forward only result sets.
2019-12-16 02:47:40 ERROR LibraryMigration:74 - com.microsoft.sqlserver.jdbc.SQLServerException: The requested operation is not supported on forward only result sets.
2019-12-16 02:48:23 ERROR LibraryMigration:74 - com.microsoft.sqlserver.jdbc.SQLServerException: Invalid column name 'CreationData'.
2019-12-16 02:48:23 ERROR LibraryMigration:74 - com.microsoft.sqlserver.jdbc.SQLServerException: Invalid column name 'CreationData'.
2019-12-16 02:48:59 ERROR LibraryMigration:74 - com.microsoft.sqlserver.jdbc.SQLServerException: Invalid column name 'CreationData'.
2019-12-16 02:48:59 ERROR LibraryMigration:74 - com.microsoft.sqlserver.jdbc.SQLServerException: Invalid column name 'CreationData'.
2019-12-16 02:51:47 ERROR LibraryMigration:74 - com.microsoft.sqlserver.jdbc.SQLServerException: The requested operation is not supported on forward only result sets.
2019-12-16 02:51:47 ERROR LibraryMigration:74 - com.microsoft.sqlserver.jdbc.SQLServerException: The requested operation is not supported on forward only result sets.
2019-12-16 02:52:31 ERROR LibraryMigration:74 - com.microsoft.sqlserver.jdbc.SQLServerException: Violation of PRIMARY KEY constraint 'PK__Librarie__A136475F6F2C79E2'. Cannot insert duplicate key in object 'dbo.Libraries'. The duplicate key value is (1).
2019-12-16 02:52:31 ERROR LibraryMigration:74 - com.microsoft.sqlserver.jdbc.SQLServerException: Violation of PRIMARY KEY constraint 'PK__Librarie__A136475F6F2C79E2'. Cannot insert duplicate key in object 'dbo.Libraries'. The duplicate key value is (2).
2019-12-16 02:57:25 ERROR LibraryMigration:74 - com.microsoft.sqlserver.jdbc.SQLServerException: Violation of PRIMARY KEY constraint 'PK__Librarie__A136475F6F2C79E2'. Cannot insert duplicate key in object 'dbo.Libraries'. The duplicate key value is (1).
2019-12-16 02:58:01 ERROR LibraryMigration:74 - com.microsoft.sqlserver.jdbc.SQLServerException: Violation of PRIMARY KEY constraint 'PK__Librarie__A136475F6F2C79E2'. Cannot insert duplicate key in object 'dbo.Libraries'. The duplicate key value is (2).
2019-12-16 03:18:41 ERROR LibraryMigration:73 - com.microsoft.sqlserver.jdbc.SQLServerException: Violation of PRIMARY KEY constraint 'PK__Librarie__A136475F6F2C79E2'. Cannot insert duplicate key in object 'dbo.Libraries'. The duplicate key value is (1).
2019-12-16 03:18:57 ERROR LibraryMigration:73 - com.microsoft.sqlserver.jdbc.SQLServerException: Violation of PRIMARY KEY constraint 'PK__Librarie__A136475F6F2C79E2'. Cannot insert duplicate key in object 'dbo.Libraries'. The duplicate key value is (2).
2019-12-16 04:02:18 ERROR LibraryMigration:68 - com.microsoft.sqlserver.jdbc.SQLServerException: Violation of PRIMARY KEY constraint 'PK__Librarie__A136475F6F2C79E2'. Cannot insert duplicate key in object 'dbo.Libraries'. The duplicate key value is (1).
2019-12-16 04:02:18 ERROR LibraryMigration:68 - com.microsoft.sqlserver.jdbc.SQLServerException: Violation of PRIMARY KEY constraint 'PK__Librarie__A136475F6F2C79E2'. Cannot insert duplicate key in object 'dbo.Libraries'. The duplicate key value is (2).
2019-12-16 04:02:18 ERROR BookMigration:69 - com.microsoft.sqlserver.jdbc.SQLServerException: Violation of PRIMARY KEY constraint 'PK__Books__3DE0C20786779AAC'. Cannot insert duplicate key in object 'dbo.Books'. The duplicate key value is (2).
2019-12-16 04:02:18 ERROR BookInLibraryMigration:67 - com.microsoft.sqlserver.jdbc.SQLServerException: The INSERT statement conflicted with the FOREIGN KEY constraint "FK_Book_Library_Id". The conflict occurred in database "Periodicals", table "dbo.Books", column 'BookId'.
2019-12-16 04:02:36 ERROR LibraryMigration:68 - com.microsoft.sqlserver.jdbc.SQLServerException: Violation of PRIMARY KEY constraint 'PK__Librarie__A136475F6F2C79E2'. Cannot insert duplicate key in object 'dbo.Libraries'. The duplicate key value is (1).
2019-12-16 04:02:36 ERROR LibraryMigration:68 - com.microsoft.sqlserver.jdbc.SQLServerException: Violation of PRIMARY KEY constraint 'PK__Librarie__A136475F6F2C79E2'. Cannot insert duplicate key in object 'dbo.Libraries'. The duplicate key value is (2).
2019-12-16 04:02:36 ERROR GenreMigration:68 - com.microsoft.sqlserver.jdbc.SQLServerException: Violation of PRIMARY KEY constraint 'PK__Genres__0385057E783C89D1'. Cannot insert duplicate key in object 'dbo.Genres'. The duplicate key value is (1).
2019-12-16 04:02:36 ERROR GenreMigration:68 - com.microsoft.sqlserver.jdbc.SQLServerException: Violation of PRIMARY KEY constraint 'PK__Genres__0385057E783C89D1'. Cannot insert duplicate key in object 'dbo.Genres'. The duplicate key value is (2).
2019-12-16 04:02:36 ERROR GenreMigration:68 - com.microsoft.sqlserver.jdbc.SQLServerException: Violation of PRIMARY KEY constraint 'PK__Genres__0385057E783C89D1'. Cannot insert duplicate key in object 'dbo.Genres'. The duplicate key value is (3).
2019-12-16 04:02:36 ERROR GenreMigration:68 - com.microsoft.sqlserver.jdbc.SQLServerException: Violation of PRIMARY KEY constraint 'PK__Genres__0385057E783C89D1'. Cannot insert duplicate key in object 'dbo.Genres'. The duplicate key value is (4).
2019-12-16 04:02:36 ERROR GenreMigration:68 - com.microsoft.sqlserver.jdbc.SQLServerException: Violation of PRIMARY KEY constraint 'PK__Genres__0385057E783C89D1'. Cannot insert duplicate key in object 'dbo.Genres'. The duplicate key value is (5).
2019-12-16 04:02:36 ERROR GenreMigration:68 - com.microsoft.sqlserver.jdbc.SQLServerException: Violation of PRIMARY KEY constraint 'PK__Genres__0385057E783C89D1'. Cannot insert duplicate key in object 'dbo.Genres'. The duplicate key value is (6).
2019-12-16 04:02:36 ERROR GenreMigration:68 - com.microsoft.sqlserver.jdbc.SQLServerException: Violation of PRIMARY KEY constraint 'PK__Genres__0385057E783C89D1'. Cannot insert duplicate key in object 'dbo.Genres'. The duplicate key value is (7).
2019-12-16 04:02:36 ERROR GenreMigration:68 - com.microsoft.sqlserver.jdbc.SQLServerException: Violation of PRIMARY KEY constraint 'PK__Genres__0385057E783C89D1'. Cannot insert duplicate key in object 'dbo.Genres'. The duplicate key value is (8).
2019-12-16 04:02:36 ERROR PublisherMigration:67 - com.microsoft.sqlserver.jdbc.SQLServerException: Violation of PRIMARY KEY constraint 'PK__Publishe__4C657FABAABBAE63'. Cannot insert duplicate key in object 'dbo.Publishers'. The duplicate key value is (1).
2019-12-16 04:02:36 ERROR PublisherMigration:67 - com.microsoft.sqlserver.jdbc.SQLServerException: Violation of PRIMARY KEY constraint 'PK__Publishe__4C657FABAABBAE63'. Cannot insert duplicate key in object 'dbo.Publishers'. The duplicate key value is (2).
2019-12-16 04:02:36 ERROR AuthorsMigration:68 - com.microsoft.sqlserver.jdbc.SQLServerException: Violation of PRIMARY KEY constraint 'PK__Authors__70DAFC34FD666D7C'. Cannot insert duplicate key in object 'dbo.Authors'. The duplicate key value is (1).
2019-12-16 04:02:36 ERROR AuthorsMigration:68 - com.microsoft.sqlserver.jdbc.SQLServerException: Violation of PRIMARY KEY constraint 'PK__Authors__70DAFC34FD666D7C'. Cannot insert duplicate key in object 'dbo.Authors'. The duplicate key value is (2).
2019-12-16 04:02:36 ERROR BookMigration:69 - com.microsoft.sqlserver.jdbc.SQLServerException: Violation of PRIMARY KEY constraint 'PK__Books__3DE0C20786779AAC'. Cannot insert duplicate key in object 'dbo.Books'. The duplicate key value is (1).
2019-12-16 04:02:36 ERROR BookMigration:69 - com.microsoft.sqlserver.jdbc.SQLServerException: Violation of PRIMARY KEY constraint 'PK__Books__3DE0C20786779AAC'. Cannot insert duplicate key in object 'dbo.Books'. The duplicate key value is (2).
2019-12-16 04:02:36 ERROR BookMigration:69 - com.microsoft.sqlserver.jdbc.SQLServerException: Violation of PRIMARY KEY constraint 'PK__Books__3DE0C20786779AAC'. Cannot insert duplicate key in object 'dbo.Books'. The duplicate key value is (2).
2019-12-16 04:02:36 ERROR BookInLibraryMigration:67 - com.microsoft.sqlserver.jdbc.SQLServerException: The INSERT statement conflicted with the FOREIGN KEY constraint "FK_Book_Library_Id". The conflict occurred in database "Periodicals", table "dbo.Books", column 'BookId'.
2019-12-16 04:09:17 ERROR BookMigration:69 - com.microsoft.sqlserver.jdbc.SQLServerException: Violation of PRIMARY KEY constraint 'PK__Books__3DE0C20752B3B74C'. Cannot insert duplicate key in object 'dbo.Books'. The duplicate key value is (2).
2019-12-16 04:09:17 ERROR BookInLibraryMigration:67 - com.microsoft.sqlserver.jdbc.SQLServerException: The INSERT statement conflicted with the FOREIGN KEY constraint "FK_Book_Library_Id". The conflict occurred in database "Periodicals", table "dbo.Books", column 'BookId'.
2019-12-16 04:09:34 ERROR LibraryMigration:68 - com.microsoft.sqlserver.jdbc.SQLServerException: Violation of PRIMARY KEY constraint 'PK__Librarie__A136475FDCEAD014'. Cannot insert duplicate key in object 'dbo.Libraries'. The duplicate key value is (1).
2019-12-16 04:09:34 ERROR LibraryMigration:68 - com.microsoft.sqlserver.jdbc.SQLServerException: Violation of PRIMARY KEY constraint 'PK__Librarie__A136475FDCEAD014'. Cannot insert duplicate key in object 'dbo.Libraries'. The duplicate key value is (2).
2019-12-16 04:09:34 ERROR GenreMigration:68 - com.microsoft.sqlserver.jdbc.SQLServerException: Violation of PRIMARY KEY constraint 'PK__Genres__0385057EDAA9830B'. Cannot insert duplicate key in object 'dbo.Genres'. The duplicate key value is (1).
2019-12-16 04:09:34 ERROR GenreMigration:68 - com.microsoft.sqlserver.jdbc.SQLServerException: Violation of PRIMARY KEY constraint 'PK__Genres__0385057EDAA9830B'. Cannot insert duplicate key in object 'dbo.Genres'. The duplicate key value is (2).
2019-12-16 04:09:34 ERROR GenreMigration:68 - com.microsoft.sqlserver.jdbc.SQLServerException: Violation of PRIMARY KEY constraint 'PK__Genres__0385057EDAA9830B'. Cannot insert duplicate key in object 'dbo.Genres'. The duplicate key value is (3).
2019-12-16 04:09:34 ERROR GenreMigration:68 - com.microsoft.sqlserver.jdbc.SQLServerException: Violation of PRIMARY KEY constraint 'PK__Genres__0385057EDAA9830B'. Cannot insert duplicate key in object 'dbo.Genres'. The duplicate key value is (4).
2019-12-16 04:09:34 ERROR GenreMigration:68 - com.microsoft.sqlserver.jdbc.SQLServerException: Violation of PRIMARY KEY constraint 'PK__Genres__0385057EDAA9830B'. Cannot insert duplicate key in object 'dbo.Genres'. The duplicate key value is (5).
2019-12-16 04:09:34 ERROR GenreMigration:68 - com.microsoft.sqlserver.jdbc.SQLServerException: Violation of PRIMARY KEY constraint 'PK__Genres__0385057EDAA9830B'. Cannot insert duplicate key in object 'dbo.Genres'. The duplicate key value is (6).
2019-12-16 04:09:34 ERROR GenreMigration:68 - com.microsoft.sqlserver.jdbc.SQLServerException: Violation of PRIMARY KEY constraint 'PK__Genres__0385057EDAA9830B'. Cannot insert duplicate key in object 'dbo.Genres'. The duplicate key value is (7).
2019-12-16 04:09:34 ERROR GenreMigration:68 - com.microsoft.sqlserver.jdbc.SQLServerException: Violation of PRIMARY KEY constraint 'PK__Genres__0385057EDAA9830B'. Cannot insert duplicate key in object 'dbo.Genres'. The duplicate key value is (8).
2019-12-16 04:09:34 ERROR PublisherMigration:67 - com.microsoft.sqlserver.jdbc.SQLServerException: Violation of PRIMARY KEY constraint 'PK__Publishe__4C657FAB3ED21920'. Cannot insert duplicate key in object 'dbo.Publishers'. The duplicate key value is (1).
2019-12-16 04:09:34 ERROR PublisherMigration:67 - com.microsoft.sqlserver.jdbc.SQLServerException: Violation of PRIMARY KEY constraint 'PK__Publishe__4C657FAB3ED21920'. Cannot insert duplicate key in object 'dbo.Publishers'. The duplicate key value is (2).
2019-12-16 04:09:34 ERROR AuthorsMigration:68 - com.microsoft.sqlserver.jdbc.SQLServerException: Violation of PRIMARY KEY constraint 'PK__Authors__70DAFC34CEFDB3CE'. Cannot insert duplicate key in object 'dbo.Authors'. The duplicate key value is (1).
2019-12-16 04:09:34 ERROR AuthorsMigration:68 - com.microsoft.sqlserver.jdbc.SQLServerException: Violation of PRIMARY KEY constraint 'PK__Authors__70DAFC34CEFDB3CE'. Cannot insert duplicate key in object 'dbo.Authors'. The duplicate key value is (2).
2019-12-16 04:09:34 ERROR BookMigration:69 - com.microsoft.sqlserver.jdbc.SQLServerException: Violation of PRIMARY KEY constraint 'PK__Books__3DE0C20752B3B74C'. Cannot insert duplicate key in object 'dbo.Books'. The duplicate key value is (1).
2019-12-16 04:09:34 ERROR BookMigration:69 - com.microsoft.sqlserver.jdbc.SQLServerException: Violation of PRIMARY KEY constraint 'PK__Books__3DE0C20752B3B74C'. Cannot insert duplicate key in object 'dbo.Books'. The duplicate key value is (2).
2019-12-16 04:09:34 ERROR BookMigration:69 - com.microsoft.sqlserver.jdbc.SQLServerException: Violation of PRIMARY KEY constraint 'PK__Books__3DE0C20752B3B74C'. Cannot insert duplicate key in object 'dbo.Books'. The duplicate key value is (2).
2019-12-16 04:09:34 ERROR BookInLibraryMigration:67 - com.microsoft.sqlserver.jdbc.SQLServerException: Violation of UNIQUE KEY constraint 'UQ__BooksInL__3DE0C206D40F47EA'. Cannot insert duplicate key in object 'dbo.BooksInLibrary'. The duplicate key value is (1).
2019-12-16 04:09:34 ERROR BookInLibraryMigration:67 - com.microsoft.sqlserver.jdbc.SQLServerException: Violation of UNIQUE KEY constraint 'UQ__BooksInL__3DE0C206D40F47EA'. Cannot insert duplicate key in object 'dbo.BooksInLibrary'. The duplicate key value is (2).
2019-12-16 04:09:34 ERROR BookInLibraryMigration:67 - com.microsoft.sqlserver.jdbc.SQLServerException: The INSERT statement conflicted with the FOREIGN KEY constraint "FK_Book_Library_Id". The conflict occurred in database "Periodicals", table "dbo.Books", column 'BookId'.
2019-12-16 04:11:23 ERROR LibraryMigration:63 - com.microsoft.sqlserver.jdbc.SQLServerException: Violation of PRIMARY KEY constraint 'PK__Librarie__A136475FDCEAD014'. Cannot insert duplicate key in object 'dbo.Libraries'. The duplicate key value is (1).
2019-12-16 04:11:23 ERROR LibraryMigration:63 - com.microsoft.sqlserver.jdbc.SQLServerException: Violation of PRIMARY KEY constraint 'PK__Librarie__A136475FDCEAD014'. Cannot insert duplicate key in object 'dbo.Libraries'. The duplicate key value is (2).
2019-12-16 04:11:23 ERROR GenreMigration:63 - com.microsoft.sqlserver.jdbc.SQLServerException: Violation of PRIMARY KEY constraint 'PK__Genres__0385057EDAA9830B'. Cannot insert duplicate key in object 'dbo.Genres'. The duplicate key value is (1).
2019-12-16 04:11:23 ERROR GenreMigration:63 - com.microsoft.sqlserver.jdbc.SQLServerException: Violation of PRIMARY KEY constraint 'PK__Genres__0385057EDAA9830B'. Cannot insert duplicate key in object 'dbo.Genres'. The duplicate key value is (2).
2019-12-16 04:11:23 ERROR GenreMigration:63 - com.microsoft.sqlserver.jdbc.SQLServerException: Violation of PRIMARY KEY constraint 'PK__Genres__0385057EDAA9830B'. Cannot insert duplicate key in object 'dbo.Genres'. The duplicate key value is (3).
2019-12-16 04:11:23 ERROR GenreMigration:63 - com.microsoft.sqlserver.jdbc.SQLServerException: Violation of PRIMARY KEY constraint 'PK__Genres__0385057EDAA9830B'. Cannot insert duplicate key in object 'dbo.Genres'. The duplicate key value is (4).
2019-12-16 04:11:23 ERROR GenreMigration:63 - com.microsoft.sqlserver.jdbc.SQLServerException: Violation of PRIMARY KEY constraint 'PK__Genres__0385057EDAA9830B'. Cannot insert duplicate key in object 'dbo.Genres'. The duplicate key value is (5).
2019-12-16 04:11:23 ERROR GenreMigration:63 - com.microsoft.sqlserver.jdbc.SQLServerException: Violation of PRIMARY KEY constraint 'PK__Genres__0385057EDAA9830B'. Cannot insert duplicate key in object 'dbo.Genres'. The duplicate key value is (6).
2019-12-16 04:11:23 ERROR GenreMigration:63 - com.microsoft.sqlserver.jdbc.SQLServerException: Violation of PRIMARY KEY constraint 'PK__Genres__0385057EDAA9830B'. Cannot insert duplicate key in object 'dbo.Genres'. The duplicate key value is (7).
2019-12-16 04:11:23 ERROR GenreMigration:63 - com.microsoft.sqlserver.jdbc.SQLServerException: Violation of PRIMARY KEY constraint 'PK__Genres__0385057EDAA9830B'. Cannot insert duplicate key in object 'dbo.Genres'. The duplicate key value is (8).
2019-12-16 04:11:23 ERROR PublisherMigration:62 - com.microsoft.sqlserver.jdbc.SQLServerException: Violation of PRIMARY KEY constraint 'PK__Publishe__4C657FAB3ED21920'. Cannot insert duplicate key in object 'dbo.Publishers'. The duplicate key value is (1).
2019-12-16 04:11:23 ERROR PublisherMigration:62 - com.microsoft.sqlserver.jdbc.SQLServerException: Violation of PRIMARY KEY constraint 'PK__Publishe__4C657FAB3ED21920'. Cannot insert duplicate key in object 'dbo.Publishers'. The duplicate key value is (2).
2019-12-16 04:11:23 ERROR AuthorsMigration:61 - com.microsoft.sqlserver.jdbc.SQLServerException: Violation of PRIMARY KEY constraint 'PK__Authors__70DAFC34CEFDB3CE'. Cannot insert duplicate key in object 'dbo.Authors'. The duplicate key value is (1).
2019-12-16 04:11:23 ERROR AuthorsMigration:61 - com.microsoft.sqlserver.jdbc.SQLServerException: Violation of PRIMARY KEY constraint 'PK__Authors__70DAFC34CEFDB3CE'. Cannot insert duplicate key in object 'dbo.Authors'. The duplicate key value is (2).
2019-12-16 04:11:23 ERROR BookMigration:64 - com.microsoft.sqlserver.jdbc.SQLServerException: Violation of PRIMARY KEY constraint 'PK__Books__3DE0C20752B3B74C'. Cannot insert duplicate key in object 'dbo.Books'. The duplicate key value is (1).
2019-12-16 04:11:23 ERROR BookMigration:64 - com.microsoft.sqlserver.jdbc.SQLServerException: Violation of PRIMARY KEY constraint 'PK__Books__3DE0C20752B3B74C'. Cannot insert duplicate key in object 'dbo.Books'. The duplicate key value is (2).
2019-12-16 04:11:23 ERROR BookMigration:64 - com.microsoft.sqlserver.jdbc.SQLServerException: Violation of PRIMARY KEY constraint 'PK__Books__3DE0C20752B3B74C'. Cannot insert duplicate key in object 'dbo.Books'. The duplicate key value is (2).
2019-12-16 04:11:23 ERROR BookInLibraryMigration:62 - com.microsoft.sqlserver.jdbc.SQLServerException: Violation of UNIQUE KEY constraint 'UQ__BooksInL__3DE0C206D40F47EA'. Cannot insert duplicate key in object 'dbo.BooksInLibrary'. The duplicate key value is (1).
2019-12-16 04:11:23 ERROR BookInLibraryMigration:62 - com.microsoft.sqlserver.jdbc.SQLServerException: Violation of UNIQUE KEY constraint 'UQ__BooksInL__3DE0C206D40F47EA'. Cannot insert duplicate key in object 'dbo.BooksInLibrary'. The duplicate key value is (2).
2019-12-16 04:11:23 ERROR BookInLibraryMigration:62 - com.microsoft.sqlserver.jdbc.SQLServerException: The INSERT statement conflicted with the FOREIGN KEY constraint "FK_Book_Library_Id". The conflict occurred in database "Periodicals", table "dbo.Books", column 'BookId'.
